<?xml version="1.0" encoding="UTF-8"?>
<!-- Generated by org.testng.reporters.JUnitXMLReporter -->
<testsuite hostname="DESKTOP-7FSFVSR" ignored="1" name="maven_week14_nopcommerce_hw" tests="1" failures="0" timestamp="14 Jun 2021 07:01:11 GMT" time="20.173" errors="0">
  <testcase name="verifyProductArrangeInAlphaBaticalOrder" time="15.625" classname="com.nopcommerce.demo.testSuite.computer.TestSuite"/>
  <testcase name="verifyProductAddedToShoppingCartSuccessfully" time="0.0" classname="com.nopcommerce.demo.testSuite.computer.TestSuite">
    <ignored/>
  </testcase> <!-- verifyProductAddedToShoppingCartSuccessfully -->
</testsuite> <!-- maven_week14_nopcommerce_hw -->
