<?xml version="1.0" encoding="UTF-8"?>
<!-- Generated by org.testng.reporters.JUnitXMLReporter -->
<testsuite hostname="DESKTOP-7FSFVSR" ignored="0" name="Regression Test" tests="3" failures="0" timestamp="16 Jun 2021 21:35:42 GMT" time="108.627" errors="0">
  <testcase name="verifyProductAddedToShoppingCartSuccessfully" time="79.954" classname="com.nopcommerce.demo.testSuite.computer.TestSuite"/>
  <testcase name="verifyProductArrangeInAlphaBaticalOrder" time="15.848" classname="com.nopcommerce.demo.testSuite.computer.TestSuite"/>
  <testcase name="selectMenuAndClick" time="1.182" classname="com.nopcommerce.demo.testSuite.homePage.TestTopMenu"/>
</testsuite> <!-- Regression Test -->
