<?xml version="1.0" encoding="UTF-8"?>
<!-- Generated by org.testng.reporters.JUnitXMLReporter -->
<testsuite hostname="DESKTOP-7FSFVSR" ignored="1" name="Smoke Test" tests="2" failures="0" timestamp="16 Jun 2021 21:18:31 GMT" time="25.167" errors="0">
  <testcase name="verifyProductArrangeInAlphaBaticalOrder" time="16.021" classname="com.nopcommerce.demo.testSuite.computer.TestSuite"/>
  <testcase name="selectMenuAndClick" time="1.207" classname="com.nopcommerce.demo.testSuite.homePage.TestTopMenu"/>
  <testcase name="verifyProductAddedToShoppingCartSuccessfully" time="0.0" classname="com.nopcommerce.demo.testSuite.computer.TestSuite">
    <ignored/>
  </testcase> <!-- verifyProductAddedToShoppingCartSuccessfully -->
</testsuite> <!-- Smoke Test -->
